Build started 5/13/2015 8:11:54 AM.
Project "C:\Users\IEUser\Documents\Cpp_Lab\Lab02\Lab02-002\Lab02-002\Lab02-002.vcxproj" on node 2 (Build target(s)).
ClCompile:
  C:\Program Files\Microsoft Visual Studio 12.0\VC\bin\CL.exe /c /ZI /nologo /W3 /WX- /sdl /Od /Oy- /D WIN32 /D _DEBUG /D _CONSOLE /D _LIB /D _UNICODE /D UNICODE /Gm /EHsc /RTC1 /MDd /GS /fp:precise /Zc:wchar_t /Zc:forScope /Yu"stdafx.h" /Fp"Debug\Lab02-002.pch" /Fo"Debug\\" /Fd"Debug\vc120.pdb" /Gd /TP /analyze- /errorReport:prompt "Lab02-002.cpp"
  Lab02-002.cpp
c:\users\ieuser\documents\cpp_lab\lab02\lab02-002\lab02-002\lab02-002.cpp(6): warning C4627: '#include <stdlib.h>': skipped when looking for precompiled header use
          Add directive to 'stdafx.h' or rebuild precompiled header
c:\users\ieuser\documents\cpp_lab\lab02\lab02-002\lab02-002\lab02-002.cpp(7): warning C4627: '#include <time.h>': skipped when looking for precompiled header use
          Add directive to 'stdafx.h' or rebuild precompiled header
c:\users\ieuser\documents\cpp_lab\lab02\lab02-002\lab02-002\lab02-002.cpp(14): error C3861: 'srand': identifier not found
c:\users\ieuser\documents\cpp_lab\lab02\lab02-002\lab02-002\lab02-002.cpp(14): error C3861: 'time': identifier not found
c:\users\ieuser\documents\cpp_lab\lab02\lab02-002\lab02-002\lab02-002.cpp(16): error C3861: 'srand': identifier not found
Done Building Project "C:\Users\IEUser\Documents\Cpp_Lab\Lab02\Lab02-002\Lab02-002\Lab02-002.vcxproj" (Build target(s)) -- FAILED.

Build FAILED.

Time Elapsed 00:00:01.08
